2024-10-16 17:40:08,876: Analyzing item n.1
2024-10-16 17:40:08,877: data: {
  "Timestamp": "1690755893624",
  "Date": "30/07/2023",
  "Time": "22:24:53",
  "Value": "4942,396484",
  "Access token": "test_device_2024"
}
2024-10-16 17:40:08,877: Sended data to main process...
2024-10-16 17:40:08,877: Process will procede to sleep for 10s
2024-10-16 17:40:08,878: 
2024-10-16 17:40:18,882: Analyzing item n.2
2024-10-16 17:40:18,882: data: {
  "Timestamp": "1690748693588",
  "Date": "30/07/2023",
  "Time": "20:24:53",
  "Value": "4942,158203",
  "Access token": "test_device_2024"
}
2024-10-16 17:40:18,883: Sended data to main process...
2024-10-16 17:40:18,883: Process will procede to sleep for 10s
2024-10-16 17:40:18,883: 
2024-10-16 17:40:28,895: Analyzing item n.3
2024-10-16 17:40:28,895: data: {
  "Timestamp": "1690741493520",
  "Date": "30/07/2023",
  "Time": "18:24:53",
  "Value": "4939,23291",
  "Access token": "test_device_2024"
}
2024-10-16 17:40:28,895: Sended data to main process...
2024-10-16 17:40:28,895: Process will procede to sleep for 10s
2024-10-16 17:40:28,895: 
2024-10-16 20:40:37,090: Analyzing item n.4
2024-10-16 20:40:37,090: data: {
  "Timestamp": "1690734293452",
  "Date": "30/07/2023",
  "Time": "16:24:53",
  "Value": "4939,208008",
  "Access token": "test_device_2024"
}
2024-10-16 20:40:37,090: Sended data to main process...
2024-10-16 20:40:37,092: Process will procede to sleep for 10s
2024-10-16 20:40:37,092: 
2024-10-17 14:15:10,199: Analyzing item n.5
2024-10-17 14:15:10,200: data: {
  "Timestamp": "1690727093408",
  "Date": "30/07/2023",
  "Time": "14:24:53",
  "Value": "4937,298828",
  "Access token": "test_device_2024"
}
2024-10-17 14:15:10,204: Sended data to main process...
2024-10-17 14:15:10,205: Process will procede to sleep for 10s
2024-10-17 14:15:10,205: 
2024-10-17 15:19:37,040: Analyzing item n.6
2024-10-17 15:19:37,040: data: {
  "Timestamp": "1690719892198",
  "Date": "30/07/2023",
  "Time": "12:24:52",
  "Value": "4930,313477",
  "Access token": "test_device_2024"
}
2024-10-17 15:19:37,040: Sended data to main process...
2024-10-17 15:19:37,041: Process will procede to sleep for 10s
2024-10-17 15:19:37,041: 
2024-10-17 15:19:47,052: Analyzing item n.7
2024-10-17 15:19:47,076: data: {
  "Timestamp": "1690712692755",
  "Date": "30/07/2023",
  "Time": "10:24:52",
  "Value": "4938,245605",
  "Access token": "test_device_2024"
}
2024-10-17 15:19:47,076: Sended data to main process...
2024-10-17 15:19:47,077: Process will procede to sleep for 10s
2024-10-17 15:19:47,077: 
2024-10-17 15:19:57,081: Analyzing item n.8
2024-10-17 15:19:57,081: data: {
  "Timestamp": "1690705493254",
  "Date": "30/07/2023",
  "Time": "08:24:53",
  "Value": "4943,092285",
  "Access token": "test_device_2024"
}
2024-10-17 15:19:57,082: Sended data to main process...
2024-10-17 15:19:57,082: Process will procede to sleep for 10s
2024-10-17 15:19:57,082: 
2024-10-17 15:20:07,092: Analyzing item n.9
2024-10-17 15:20:07,092: data: {
  "Timestamp": "1690698294903",
  "Date": "30/07/2023",
  "Time": "06:24:54",
  "Value": "4945,09082",
  "Access token": "test_device_2024"
}
2024-10-17 15:20:07,092: Sended data to main process...
2024-10-17 15:20:07,092: Process will procede to sleep for 10s
2024-10-17 15:20:07,093: 
2024-10-17 15:20:17,100: Analyzing item n.10
2024-10-17 15:20:17,100: data: {
  "Timestamp": "1690691093161",
  "Date": "30/07/2023",
  "Time": "04:24:53",
  "Value": "4945,934082",
  "Access token": "test_device_2024"
}
2024-10-17 15:20:17,100: Sended data to main process...
2024-10-17 15:20:17,100: Process will procede to sleep for 10s
2024-10-17 15:20:17,100: 
2024-10-17 15:20:27,102: Analyzing item n.11
2024-10-17 15:20:27,102: data: {
  "Timestamp": "1690683892525",
  "Date": "30/07/2023",
  "Time": "02:24:52",
  "Value": "4946,466797",
  "Access token": "test_device_2024"
}
2024-10-17 15:20:27,102: Sended data to main process...
2024-10-17 15:20:27,102: Process will procede to sleep for 10s
2024-10-17 15:20:27,102: 
2024-10-17 15:20:37,112: Analyzing item n.12
2024-10-17 15:20:37,112: data: {
  "Timestamp": "1690755893624",
  "Date": "30/07/2023",
  "Time": "22:24:53",
  "Value": "4942,396484",
  "Access token": "test_device_2024"
}
2024-10-17 15:20:37,113: Sended data to main process...
2024-10-17 15:20:37,113: Process will procede to sleep for 10s
2024-10-17 15:20:37,113: 
2024-10-17 15:20:47,116: Analyzing item n.13
2024-10-17 15:20:47,116: data: {
  "Timestamp": "1690748693588",
  "Date": "30/07/2023",
  "Time": "20:24:53",
  "Value": "4942,158203",
  "Access token": "test_device_2024"
}
2024-10-17 15:20:47,116: Sended data to main process...
2024-10-17 15:20:47,116: Process will procede to sleep for 10s
2024-10-17 15:20:47,116: 
2024-10-17 15:20:57,123: Analyzing item n.14
2024-10-17 15:20:57,123: data: {
  "Timestamp": "1690741493520",
  "Date": "30/07/2023",
  "Time": "18:24:53",
  "Value": "4939,23291",
  "Access token": "test_device_2024"
}
2024-10-17 15:20:57,123: Sended data to main process...
2024-10-17 15:20:57,127: Process will procede to sleep for 10s
2024-10-17 15:20:57,127: 
2024-10-17 15:21:07,131: Analyzing item n.15
2024-10-17 15:21:07,131: data: {
  "Timestamp": "1690734293452",
  "Date": "30/07/2023",
  "Time": "16:24:53",
  "Value": "4939,208008",
  "Access token": "test_device_2024"
}
2024-10-17 15:21:07,131: Sended data to main process...
2024-10-17 15:21:07,131: Process will procede to sleep for 10s
2024-10-17 15:21:07,132: 
2024-10-17 15:21:17,138: Analyzing item n.16
2024-10-17 15:21:17,138: data: {
  "Timestamp": "1690727093408",
  "Date": "30/07/2023",
  "Time": "14:24:53",
  "Value": "4937,298828",
  "Access token": "test_device_2024"
}
2024-10-17 15:21:17,138: Sended data to main process...
2024-10-17 15:21:17,139: Process will procede to sleep for 10s
2024-10-17 15:21:17,139: 
2024-10-17 15:21:27,143: Analyzing item n.17
2024-10-17 15:21:27,144: data: {
  "Timestamp": "1690719892198",
  "Date": "30/07/2023",
  "Time": "12:24:52",
  "Value": "4930,313477",
  "Access token": "test_device_2024"
}
2024-10-17 15:21:27,144: Sended data to main process...
2024-10-17 15:21:27,145: Process will procede to sleep for 10s
2024-10-17 15:21:27,145: 
2024-10-17 15:21:37,148: Analyzing item n.18
2024-10-17 15:21:37,148: data: {
  "Timestamp": "1690712692755",
  "Date": "30/07/2023",
  "Time": "10:24:52",
  "Value": "4938,245605",
  "Access token": "test_device_2024"
}
2024-10-17 15:21:37,148: Sended data to main process...
2024-10-17 15:21:37,148: Process will procede to sleep for 10s
2024-10-17 15:21:37,149: 
2024-10-17 15:21:45,900: Analyzing item n.19
2024-10-17 15:21:45,900: data: {
  "Timestamp": "1690705493254",
  "Date": "30/07/2023",
  "Time": "08:24:53",
  "Value": "4943,092285",
  "Access token": "test_device_2024"
}
2024-10-17 15:21:45,900: Sended data to main process...
2024-10-17 15:21:45,900: Process will procede to sleep for 10s
2024-10-17 15:21:45,900: 
2024-10-17 15:21:55,909: Analyzing item n.20
2024-10-17 15:21:55,909: data: {
  "Timestamp": "1690698294903",
  "Date": "30/07/2023",
  "Time": "06:24:54",
  "Value": "4945,09082",
  "Access token": "test_device_2024"
}
2024-10-17 15:21:55,909: Sended data to main process...
2024-10-17 15:21:55,909: Process will procede to sleep for 10s
2024-10-17 15:21:55,909: 
2024-10-17 15:22:05,919: Analyzing item n.21
2024-10-17 15:22:05,919: data: {
  "Timestamp": "1690691093161",
  "Date": "30/07/2023",
  "Time": "04:24:53",
  "Value": "4945,934082",
  "Access token": "test_device_2024"
}
2024-10-17 15:22:05,919: Sended data to main process...
2024-10-17 15:22:05,919: Process will procede to sleep for 10s
2024-10-17 15:22:05,919: 
2024-10-17 15:22:15,921: Analyzing item n.22
2024-10-17 15:22:15,921: data: {
  "Timestamp": "1690683892525",
  "Date": "30/07/2023",
  "Time": "02:24:52",
  "Value": "4946,466797",
  "Access token": "test_device_2024"
}
2024-10-17 15:22:15,921: Sended data to main process...
2024-10-17 15:22:15,921: Process will procede to sleep for 10s
2024-10-17 15:22:15,921: 
2024-10-17 15:22:25,935: Analyzing item n.23
2024-10-17 15:22:25,935: data: {
  "Timestamp": "1690755893624",
  "Date": "30/07/2023",
  "Time": "22:24:53",
  "Value": "4942,396484",
  "Access token": "test_device_2024"
}
2024-10-17 15:22:25,935: Sended data to main process...
2024-10-17 15:22:25,935: Process will procede to sleep for 10s
2024-10-17 15:22:25,935: 
2024-10-17 15:22:35,950: Analyzing item n.24
2024-10-17 15:22:35,950: data: {
  "Timestamp": "1690748693588",
  "Date": "30/07/2023",
  "Time": "20:24:53",
  "Value": "4942,158203",
  "Access token": "test_device_2024"
}
2024-10-17 15:22:35,950: Sended data to main process...
2024-10-17 15:22:35,950: Process will procede to sleep for 10s
2024-10-17 15:22:35,950: 
2024-10-17 15:22:45,970: Analyzing item n.25
2024-10-17 15:22:45,971: data: {
  "Timestamp": "1690741493520",
  "Date": "30/07/2023",
  "Time": "18:24:53",
  "Value": "4939,23291",
  "Access token": "test_device_2024"
}
2024-10-17 15:22:45,974: Sended data to main process...
2024-10-17 15:22:45,978: Process will procede to sleep for 10s
2024-10-17 15:22:45,978: 
2024-10-17 15:22:55,985: Analyzing item n.26
2024-10-17 15:22:55,985: data: {
  "Timestamp": "1690734293452",
  "Date": "30/07/2023",
  "Time": "16:24:53",
  "Value": "4939,208008",
  "Access token": "test_device_2024"
}
2024-10-17 15:22:55,986: Sended data to main process...
2024-10-17 15:22:55,986: Process will procede to sleep for 10s
2024-10-17 15:22:55,986: 
2024-10-17 15:23:05,998: Analyzing item n.27
2024-10-17 15:23:05,998: data: {
  "Timestamp": "1690727093408",
  "Date": "30/07/2023",
  "Time": "14:24:53",
  "Value": "4937,298828",
  "Access token": "test_device_2024"
}
2024-10-17 15:23:05,998: Sended data to main process...
2024-10-17 15:23:05,998: Process will procede to sleep for 10s
2024-10-17 15:23:05,998: 
2024-10-17 15:23:16,003: Analyzing item n.28
2024-10-17 15:23:16,003: data: {
  "Timestamp": "1690719892198",
  "Date": "30/07/2023",
  "Time": "12:24:52",
  "Value": "4930,313477",
  "Access token": "test_device_2024"
}
2024-10-17 15:23:16,003: Sended data to main process...
2024-10-17 15:23:16,004: Process will procede to sleep for 10s
2024-10-17 15:23:16,004: 
