2024-10-16 17:40:08,878: Received data with index n.1: {
  "Timestamp": "1690755893624",
  "Date": "30/07/2023",
  "Time": "22:24:53",
  "Value": "4942,396484",
  "Access token": "test_device_2024",
  "_Index": 1
}
2024-10-16 17:40:08,878: Calculating R_meas, Rcl and Rcp...
2024-10-16 17:40:08,879: R_meas: 4942.396484
2024-10-16 17:40:08,879: Rcl: 59.017039109148
2024-10-16 17:40:08,879: Rcp: 58.9991184106063
2024-10-16 17:40:08,879: Sendig payload {'device': 'test_device_2024', 'distance': 58.9991184106063, 'from': 'flavio'}
2024-10-16 17:40:24,947: Finished readings
2024-10-16 17:40:24,948: 
2024-10-16 17:40:24,948: 
2024-10-16 17:40:24,949: Received data with index n.2: {
  "Timestamp": "1690748693588",
  "Date": "30/07/2023",
  "Time": "20:24:53",
  "Value": "4942,158203",
  "Access token": "test_device_2024",
  "_Index": 2
}
2024-10-16 17:40:24,949: Calculating R_meas, Rcl and Rcp...
2024-10-16 17:40:24,949: R_meas: 4942.158203
2024-10-16 17:40:24,949: Rcl: 59.010689635340995
2024-10-16 17:40:24,950: Rcp: 58.99278141263021
2024-10-16 17:40:24,950: Sendig payload {'device': 'test_device_2024', 'distance': 58.99278141263021, 'from': 'flavio'}
2024-10-16 17:40:25,164: Finished readings
2024-10-16 17:40:25,164: 
2024-10-16 17:40:25,165: 
2024-10-16 17:40:28,896: Received data with index n.3: {
  "Timestamp": "1690741493520",
  "Date": "30/07/2023",
  "Time": "18:24:53",
  "Value": "4939,23291",
  "Access token": "test_device_2024",
  "_Index": 3
}
2024-10-16 17:40:28,896: Calculating R_meas, Rcl and Rcp...
2024-10-16 17:40:28,896: R_meas: 4939.23291
2024-10-16 17:40:28,896: Rcl: 58.932739352769985
2024-10-16 17:40:28,896: Rcp: 58.91498428526846
2024-10-16 17:40:28,896: Sendig payload {'device': 'test_device_2024', 'distance': 58.91498428526846, 'from': 'flavio'}
2024-10-17 15:21:23,396: Finished readings
2024-10-17 15:21:23,396: 
2024-10-17 15:21:23,396: 
2024-10-17 15:21:23,396: Received data with index n.4: {
  "Timestamp": "1690734293452",
  "Date": "30/07/2023",
  "Time": "16:24:53",
  "Value": "4939,208008",
  "Access token": "test_device_2024",
  "_Index": 4
}
2024-10-17 15:21:23,397: Calculating R_meas, Rcl and Rcp...
2024-10-17 15:21:23,397: R_meas: 4939.208008
2024-10-17 15:21:23,397: Rcl: 58.93207578917598
2024-10-17 15:21:23,397: Rcp: 58.91432202538029
2024-10-17 15:21:23,397: Sendig payload {'device': 'test_device_2024', 'distance': 58.91432202538029, 'from': 'flavio'}
2024-10-17 15:21:43,263: Finished readings
2024-10-17 15:21:43,263: 
2024-10-17 15:21:43,264: 
2024-10-17 15:21:43,264: Received data with index n.5: {
  "Timestamp": "1690727093408",
  "Date": "30/07/2023",
  "Time": "14:24:53",
  "Value": "4937,298828",
  "Access token": "test_device_2024",
  "_Index": 5
}
2024-10-17 15:21:43,264: Calculating R_meas, Rcl and Rcp...
2024-10-17 15:21:43,264: R_meas: 4937.298828
2024-10-17 15:21:43,264: Rcl: 58.88120186971601
2024-10-17 15:21:43,264: Rcp: 58.86354805540189
2024-10-17 15:21:43,264: Sendig payload {'device': 'test_device_2024', 'distance': 58.86354805540189, 'from': 'flavio'}
2024-10-17 15:21:49,719: Finished readings
2024-10-17 15:21:49,720: 
2024-10-17 15:21:49,720: 
2024-10-17 15:21:49,720: Received data with index n.6: {
  "Timestamp": "1690719892198",
  "Date": "30/07/2023",
  "Time": "12:24:52",
  "Value": "4930,313477",
  "Access token": "test_device_2024",
  "_Index": 6
}
2024-10-17 15:21:49,721: Calculating R_meas, Rcl and Rcp...
2024-10-17 15:21:49,721: R_meas: 4930.313477
2024-10-17 15:21:49,721: Rcl: 58.69506322161898
2024-10-17 15:21:49,721: Rcp: 58.677775055486435
2024-10-17 15:21:49,721: Sendig payload {'device': 'test_device_2024', 'distance': 58.677775055486435, 'from': 'flavio'}
2024-10-17 15:22:03,115: Finished readings
2024-10-17 15:22:03,115: 
2024-10-17 15:22:03,115: 
2024-10-17 15:22:03,135: Received data with index n.7: {
  "Timestamp": "1690712692755",
  "Date": "30/07/2023",
  "Time": "10:24:52",
  "Value": "4938,245605",
  "Access token": "test_device_2024",
  "_Index": 7
}
2024-10-17 15:22:03,136: Calculating R_meas, Rcl and Rcp...
2024-10-17 15:22:03,136: R_meas: 4938.245605
2024-10-17 15:22:03,136: Rcl: 58.90643063643499
2024-10-17 15:22:03,136: Rcp: 58.888727257077946
2024-10-17 15:22:03,136: Sendig payload {'device': 'test_device_2024', 'distance': 58.888727257077946, 'from': 'flavio'}
2024-10-17 15:22:21,150: Finished readings
2024-10-17 15:22:21,151: 
2024-10-17 15:22:21,151: 
2024-10-17 15:22:21,151: Received data with index n.8: {
  "Timestamp": "1690705493254",
  "Date": "30/07/2023",
  "Time": "08:24:53",
  "Value": "4943,092285",
  "Access token": "test_device_2024",
  "_Index": 8
}
2024-10-17 15:22:21,151: Calculating R_meas, Rcl and Rcp...
2024-10-17 15:22:21,151: R_meas: 4943.092285
2024-10-17 15:22:21,151: Rcl: 59.035580118394975
2024-10-17 15:22:21,152: Rcp: 59.017622988935
2024-10-17 15:22:21,152: Sendig payload {'device': 'test_device_2024', 'distance': 59.017622988935, 'from': 'flavio'}
2024-10-17 15:22:21,560: Finished readings
2024-10-17 15:22:21,560: 
2024-10-17 15:22:21,560: 
2024-10-17 15:22:21,560: Received data with index n.9: {
  "Timestamp": "1690698294903",
  "Date": "30/07/2023",
  "Time": "06:24:54",
  "Value": "4945,09082",
  "Access token": "test_device_2024",
  "_Index": 9
}
2024-10-17 15:22:21,560: Calculating R_meas, Rcl and Rcp...
2024-10-17 15:22:21,561: R_meas: 4945.09082
2024-10-17 15:22:21,561: Rcl: 59.088835080539994
2024-10-17 15:22:21,561: Rcp: 59.07077330793042
2024-10-17 15:22:21,561: Sendig payload {'device': 'test_device_2024', 'distance': 59.07077330793042, 'from': 'flavio'}
2024-10-17 15:22:40,302: Finished readings
2024-10-17 15:22:40,303: 
2024-10-17 15:22:40,303: 
2024-10-17 15:22:40,303: Received data with index n.10: {
  "Timestamp": "1690691093161",
  "Date": "30/07/2023",
  "Time": "04:24:53",
  "Value": "4945,934082",
  "Access token": "test_device_2024",
  "_Index": 10
}
2024-10-17 15:22:40,303: Calculating R_meas, Rcl and Rcp...
2024-10-17 15:22:40,303: R_meas: 4945.934082
2024-10-17 15:22:40,303: Rcl: 59.11130548305398
2024-10-17 15:22:40,303: Rcp: 59.093199555867685
2024-10-17 15:22:40,303: Sendig payload {'device': 'test_device_2024', 'distance': 59.093199555867685, 'from': 'flavio'}
2024-10-17 15:22:54,745: Finished readings
2024-10-17 15:22:54,745: 
2024-10-17 15:22:54,746: 
2024-10-17 15:22:54,746: Received data with index n.11: {
  "Timestamp": "1690683892525",
  "Date": "30/07/2023",
  "Time": "02:24:52",
  "Value": "4946,466797",
  "Access token": "test_device_2024",
  "_Index": 11
}
2024-10-17 15:22:54,746: Calculating R_meas, Rcl and Rcp...
2024-10-17 15:22:54,746: R_meas: 4946.466797
2024-10-17 15:22:54,746: Rcl: 59.12550073965899
2024-10-17 15:22:54,747: Rcp: 59.107366918221786
2024-10-17 15:22:54,747: Sendig payload {'device': 'test_device_2024', 'distance': 59.107366918221786, 'from': 'flavio'}
2024-10-17 15:23:14,504: Finished readings
2024-10-17 15:23:14,504: 
2024-10-17 15:23:14,504: 
2024-10-17 15:23:14,504: Received data with index n.12: {
  "Timestamp": "1690755893624",
  "Date": "30/07/2023",
  "Time": "22:24:53",
  "Value": "4942,396484",
  "Access token": "test_device_2024",
  "_Index": 12
}
2024-10-17 15:23:14,504: Calculating R_meas, Rcl and Rcp...
2024-10-17 15:23:14,504: R_meas: 4942.396484
2024-10-17 15:23:14,505: Rcl: 59.017039109148
2024-10-17 15:23:14,505: Rcp: 58.9991184106063
2024-10-17 15:23:14,505: Sendig payload {'device': 'test_device_2024', 'distance': 58.9991184106063, 'from': 'flavio'}
2024-10-17 15:23:14,660: Finished readings
2024-10-17 15:23:14,660: 
2024-10-17 15:23:14,661: 
2024-10-17 15:23:14,661: Received data with index n.13: {
  "Timestamp": "1690748693588",
  "Date": "30/07/2023",
  "Time": "20:24:53",
  "Value": "4942,158203",
  "Access token": "test_device_2024",
  "_Index": 13
}
2024-10-17 15:23:14,661: Calculating R_meas, Rcl and Rcp...
2024-10-17 15:23:14,661: R_meas: 4942.158203
2024-10-17 15:23:14,661: Rcl: 59.010689635340995
2024-10-17 15:23:14,661: Rcp: 58.99278141263021
2024-10-17 15:23:14,661: Sendig payload {'device': 'test_device_2024', 'distance': 58.99278141263021, 'from': 'flavio'}
2024-10-17 15:23:14,913: Finished readings
2024-10-17 15:23:14,913: 
2024-10-17 15:23:14,913: 
2024-10-17 15:23:14,913: Received data with index n.14: {
  "Timestamp": "1690741493520",
  "Date": "30/07/2023",
  "Time": "18:24:53",
  "Value": "4939,23291",
  "Access token": "test_device_2024",
  "_Index": 14
}
2024-10-17 15:23:14,913: Calculating R_meas, Rcl and Rcp...
2024-10-17 15:23:14,913: R_meas: 4939.23291
2024-10-17 15:23:14,913: Rcl: 58.932739352769985
2024-10-17 15:23:14,913: Rcp: 58.91498428526846
2024-10-17 15:23:14,914: Sendig payload {'device': 'test_device_2024', 'distance': 58.91498428526846, 'from': 'flavio'}
2024-10-17 15:23:19,735: Finished readings
2024-10-17 15:23:19,735: 
2024-10-17 15:23:19,735: 
2024-10-17 15:23:19,735: Received data with index n.15: {
  "Timestamp": "1690734293452",
  "Date": "30/07/2023",
  "Time": "16:24:53",
  "Value": "4939,208008",
  "Access token": "test_device_2024",
  "_Index": 15
}
2024-10-17 15:23:19,736: Calculating R_meas, Rcl and Rcp...
2024-10-17 15:23:19,736: R_meas: 4939.208008
2024-10-17 15:23:19,736: Rcl: 58.93207578917598
2024-10-17 15:23:19,736: Rcp: 58.91432202538029
2024-10-17 15:23:19,737: Sendig payload {'device': 'test_device_2024', 'distance': 58.91432202538029, 'from': 'flavio'}
2024-10-17 15:23:20,318: Finished readings
2024-10-17 15:23:20,318: 
2024-10-17 15:23:20,318: 
2024-10-17 15:23:20,319: Received data with index n.16: {
  "Timestamp": "1690727093408",
  "Date": "30/07/2023",
  "Time": "14:24:53",
  "Value": "4937,298828",
  "Access token": "test_device_2024",
  "_Index": 16
}
2024-10-17 15:23:20,319: Calculating R_meas, Rcl and Rcp...
2024-10-17 15:23:20,319: R_meas: 4937.298828
2024-10-17 15:23:20,319: Rcl: 58.88120186971601
2024-10-17 15:23:20,319: Rcp: 58.86354805540189
2024-10-17 15:23:20,319: Sendig payload {'device': 'test_device_2024', 'distance': 58.86354805540189, 'from': 'flavio'}
2024-10-17 15:23:20,749: Finished readings
2024-10-17 15:23:20,749: 
2024-10-17 15:23:20,749: 
2024-10-17 15:23:20,749: Received data with index n.17: {
  "Timestamp": "1690719892198",
  "Date": "30/07/2023",
  "Time": "12:24:52",
  "Value": "4930,313477",
  "Access token": "test_device_2024",
  "_Index": 17
}
2024-10-17 15:23:20,749: Calculating R_meas, Rcl and Rcp...
2024-10-17 15:23:20,749: R_meas: 4930.313477
2024-10-17 15:23:20,749: Rcl: 58.69506322161898
2024-10-17 15:23:20,749: Rcp: 58.677775055486435
2024-10-17 15:23:20,749: Sendig payload {'device': 'test_device_2024', 'distance': 58.677775055486435, 'from': 'flavio'}
2024-10-17 15:23:21,147: Finished readings
2024-10-17 15:23:21,148: 
2024-10-17 15:23:21,148: 
2024-10-17 15:23:21,148: Received data with index n.18: {
  "Timestamp": "1690712692755",
  "Date": "30/07/2023",
  "Time": "10:24:52",
  "Value": "4938,245605",
  "Access token": "test_device_2024",
  "_Index": 18
}
2024-10-17 15:23:21,148: Calculating R_meas, Rcl and Rcp...
2024-10-17 15:23:21,148: R_meas: 4938.245605
2024-10-17 15:23:21,148: Rcl: 58.90643063643499
2024-10-17 15:23:21,149: Rcp: 58.888727257077946
2024-10-17 15:23:21,149: Sendig payload {'device': 'test_device_2024', 'distance': 58.888727257077946, 'from': 'flavio'}
