2024-10-02 12:56:05,742: Started cycle n.1
2024-10-02 12:56:05,742: Read csv
2024-10-02 12:56:05,742: 
2024-10-02 12:56:05,742: Analyzing row n.1
2024-10-02 12:56:05,742: Value: 4942.0, Rcl: 0.0, Rcp: 0.0
2024-10-02 12:56:05,742: Criteria: True
2024-10-02 12:56:05,742: 
2024-10-02 12:56:05,742: Analyzing row n.2
2024-10-02 12:56:05,742: Value: 4942.0, Rcl: 0.0, Rcp: 0.0
2024-10-02 12:56:05,742: Criteria: True
2024-10-02 12:56:05,742: 
2024-10-02 12:56:05,742: Analyzing row n.3
2024-10-02 12:56:05,742: Value: 4939.0, Rcl: 0.0, Rcp: 0.0
2024-10-02 12:56:05,742: Criteria: True
2024-10-02 12:56:05,742: 
2024-10-02 12:56:05,742: Analyzing row n.4
2024-10-02 12:56:05,742: Value: 4939.0, Rcl: 0.0, Rcp: 0.0
2024-10-02 12:56:05,742: Criteria: True
2024-10-02 12:56:05,742: 
2024-10-02 12:56:05,742: Analyzing row n.5
2024-10-02 12:56:05,742: Value: 4937.0, Rcl: 0.0, Rcp: 0.0
2024-10-02 12:56:05,742: Criteria: True
2024-10-02 12:56:05,742: 
2024-10-02 12:56:05,742: Analyzing row n.6
2024-10-02 12:56:05,742: Value: 4930.0, Rcl: 0.0, Rcp: 0.0
2024-10-02 12:56:05,742: Criteria: True
2024-10-02 12:56:05,742: 
2024-10-02 12:56:05,742: Analyzing row n.7
2024-10-02 12:56:05,742: Value: 4938.0, Rcl: 0.0, Rcp: 0.0
2024-10-02 12:56:05,742: Criteria: True
2024-10-02 12:56:05,742: 
2024-10-02 12:56:05,742: Analyzing row n.8
2024-10-02 12:56:05,742: Value: 4943.0, Rcl: 0.0, Rcp: 0.0
2024-10-02 12:56:05,743: Criteria: True
2024-10-02 12:56:05,743: 
2024-10-02 12:56:05,743: Analyzing row n.9
2024-10-02 12:56:05,743: Value: 4945.0, Rcl: 0.0, Rcp: 0.0
2024-10-02 12:56:05,743: Criteria: True
2024-10-02 12:56:05,743: 
2024-10-02 12:56:05,743: Analyzing row n.10
2024-10-02 12:56:05,743: Value: 4945.0, Rcl: 0.0, Rcp: 0.0
2024-10-02 12:56:05,743: Criteria: True
2024-10-02 12:56:05,743: 
2024-10-02 12:56:05,743: Analyzing row n.11
2024-10-02 12:56:05,743: Value: 4946.0, Rcl: 0.0, Rcp: 0.0
2024-10-02 12:56:05,743: Criteria: True
2024-10-02 12:56:05,743: 
2024-10-02 12:56:05,743: Analyzing row n.12
2024-10-02 12:56:05,743: Value: 4946.0, Rcl: 0.0, Rcp: 0.0
2024-10-02 12:56:05,743: Criteria: True
2024-10-02 12:56:05,743: Finished cycle
2024-10-02 12:56:05,743: 
2024-10-02 12:56:05,743: 
